<?xml version="1.0" encoding="UTF-8"?>
<testsuite name="SILab2Test" tests="5" skipped="0" failures="0" errors="0" timestamp="2020-06-13T20:29:58" hostname="DESKTOP-58MMNP1" time="0.031">
  <properties/>
  <testcase name="test_function_shouldReturnSeconds_whenMultipleAnglesAreValid" classname="SILab2Test" time="0.023"/>
  <testcase name="test_function_shouldReturnSeconds_whenSingleAngleIsValid" classname="SILab2Test" time="0.002"/>
  <testcase name="test_function_shouldThrowRuntimeException_whenDegreesAreInvalid" classname="SILab2Test" time="0.001"/>
  <testcase name="test_function_shouldThrowRuntimeException_whenSecondsAreInvalid" classname="SILab2Test" time="0.0"/>
  <testcase name="test_function_shouldThrowRuntimeException_whenMinutesAreInvalid" classname="SILab2Test" time="0.0"/>
  <system-out><![CDATA[]]></system-out>
  <system-err><![CDATA[]]></system-err>
</testsuite>
